<?xml version="1.0" encoding="UTF-8"?>
<testng-results skipped="0" failed="0" total="1" passed="1">
  <reporter-output>
  </reporter-output>
  <suite name="Default suite" duration-ms="7017" started-at="2018-07-04T10:21:38Z" finished-at="2018-07-04T10:21:45Z">
    <groups>
    </groups>
    <test name="Default test" duration-ms="7017" started-at="2018-07-04T10:21:38Z" finished-at="2018-07-04T10:21:45Z">
      <class name="CMSBenz.ChangePassword">
        <test-method status="PASS" signature="loadBrowser()[pri:0, instance:CMSBenz.ChangePassword@548a9f61]" name="loadBrowser" is-config="true" duration-ms="6993" started-at="2018-07-04T15:51:38Z" finished-at="2018-07-04T15:51:45Z">
          <reporter-output>
          </reporter-output>
        </test-method> <!-- loadBrowser -->
        <test-method status="PASS" signature="changePwd()[pri:0, instance:CMSBenz.ChangePassword@548a9f61]" name="changePwd" duration-ms="9" started-at="2018-07-04T15:51:45Z" finished-at="2018-07-04T15:51:45Z">
          <reporter-output>
          </reporter-output>
        </test-method> <!-- changePwd -->
      </class> <!-- CMSBenz.ChangePassword -->
    </test> <!-- Default test -->
  </suite> <!-- Default suite -->
</testng-results>
