<?xml version="1.0" encoding="UTF-8"?>
<testng-results skipped="0" failed="0" total="2" passed="2">
  <reporter-output>
  </reporter-output>
  <suite name="Default suite" duration-ms="14179" started-at="2018-06-22T09:52:48Z" finished-at="2018-06-22T09:53:02Z">
    <groups>
    </groups>
    <test name="Default test" duration-ms="14179" started-at="2018-06-22T09:52:48Z" finished-at="2018-06-22T09:53:02Z">
      <class name="CMSBenz.Login">
        <test-method status="PASS" signature="loadBrowser()[pri:0, instance:CMSBenz.Login@7c16905e]" name="loadBrowser" is-config="true" duration-ms="7911" started-at="2018-06-22T15:22:48Z" finished-at="2018-06-22T15:22:56Z">
          <reporter-output>
          </reporter-output>
        </test-method> <!-- loadBrowser -->
        <test-method status="PASS" signature="testCase01()[pri:0, instance:CMSBenz.Login@7c16905e]" name="testCase01" duration-ms="3407" started-at="2018-06-22T15:22:56Z" finished-at="2018-06-22T15:22:59Z">
          <reporter-output>
          </reporter-output>
        </test-method> <!-- testCase01 -->
        <test-method status="PASS" signature="testCase02()[pri:0, instance:CMSBenz.Login@7c16905e]" name="testCase02" duration-ms="391" started-at="2018-06-22T15:22:59Z" finished-at="2018-06-22T15:22:59Z">
          <reporter-output>
          </reporter-output>
        </test-method> <!-- testCase02 -->
        <test-method status="PASS" signature="closeBrowser()[pri:0, instance:CMSBenz.Login@7c16905e]" name="closeBrowser" is-config="true" duration-ms="2454" started-at="2018-06-22T15:22:59Z" finished-at="2018-06-22T15:23:02Z">
          <reporter-output>
          </reporter-output>
        </test-method> <!-- closeBrowser -->
      </class> <!-- CMSBenz.Login -->
    </test> <!-- Default test -->
  </suite> <!-- Default suite -->
</testng-results>
